{"C:\\Users\\Kaz\\Desktop\\springboard-cs\\post\\express-biztime\\app.js": {"path":"C:\\Users\\Kaz\\Desktop\\springboard-cs\\post\\express-biztime\\app.js","statementMap":{"0":{"start":{"line":4,"column":16},"end":{"line":4,"column":34}},"1":{"start":{"line":5,"column":12},"end":{"line":5,"column":21}},"2":{"start":{"line":6,"column":21},"end":{"line":6,"column":46}},"3":{"start":{"line":7,"column":19},"end":{"line":7,"column":48}},"4":{"start":{"line":8,"column":18},"end":{"line":8,"column":46}},"5":{"start":{"line":9,"column":18},"end":{"line":9,"column":48}},"6":{"start":{"line":11,"column":0},"end":{"line":11,"column":24}},"7":{"start":{"line":14,"column":0},"end":{"line":14,"column":34}},"8":{"start":{"line":15,"column":0},"end":{"line":15,"column":32}},"9":{"start":{"line":16,"column":0},"end":{"line":16,"column":34}},"10":{"start":{"line":20,"column":0},"end":{"line":23,"column":3}},"11":{"start":{"line":21,"column":14},"end":{"line":21,"column":48}},"12":{"start":{"line":22,"column":2},"end":{"line":22,"column":19}},"13":{"start":{"line":27,"column":0},"end":{"line":34,"column":3}},"14":{"start":{"line":28,"column":15},"end":{"line":28,"column":32}},"15":{"start":{"line":29,"column":16},"end":{"line":29,"column":27}},"16":{"start":{"line":31,"column":2},"end":{"line":33,"column":5}},"17":{"start":{"line":37,"column":0},"end":{"line":37,"column":21}}},"fnMap":{"0":{"name":"(anonymous_0)","decl":{"start":{"line":20,"column":8},"end":{"line":20,"column":9}},"loc":{"start":{"line":20,"column":33},"end":{"line":23,"column":1}},"line":20},"1":{"name":"(anonymous_1)","decl":{"start":{"line":27,"column":8},"end":{"line":27,"column":9}},"loc":{"start":{"line":27,"column":33},"end":{"line":34,"column":1}},"line":27}},"branchMap":{"0":{"loc":{"start":{"line":28,"column":15},"end":{"line":28,"column":32}},"type":"binary-expr","locations":[{"start":{"line":28,"column":15},"end":{"line":28,"column":25}},{"start":{"line":28,"column":29},"end":{"line":28,"column":32}}],"line":28}},"s":{"0":2,"1":2,"2":2,"3":2,"4":2,"5":2,"6":2,"7":2,"8":2,"9":2,"10":2,"11":0,"12":0,"13":2,"14":5,"15":5,"16":5,"17":2},"f":{"0":0,"1":5},"b":{"0":[5,0]},"_coverageSchema":"1a1c01bbd47fc00a2c39e90264f33305004495a9","hash":"c1ee8ee2cdf91e8390d7ec4ed9d8c8e03a73c433"}
,"C:\\Users\\Kaz\\Desktop\\springboard-cs\\post\\express-biztime\\db.js": {"path":"C:\\Users\\Kaz\\Desktop\\springboard-cs\\post\\express-biztime\\db.js","statementMap":{"0":{"start":{"line":3,"column":19},"end":{"line":3,"column":32}},"1":{"start":{"line":7,"column":0},"end":{"line":11,"column":1}},"2":{"start":{"line":8,"column":2},"end":{"line":8,"column":40}},"3":{"start":{"line":10,"column":2},"end":{"line":10,"column":35}},"4":{"start":{"line":13,"column":9},"end":{"line":15,"column":2}},"5":{"start":{"line":17,"column":0},"end":{"line":17,"column":13}},"6":{"start":{"line":19,"column":0},"end":{"line":19,"column":20}}},"fnMap":{},"branchMap":{"0":{"loc":{"start":{"line":7,"column":0},"end":{"line":11,"column":1}},"type":"if","locations":[{"start":{"line":7,"column":0},"end":{"line":11,"column":1}},{"start":{"line":7,"column":0},"end":{"line":11,"column":1}}],"line":7}},"s":{"0":2,"1":2,"2":2,"3":0,"4":2,"5":2,"6":2},"f":{},"b":{"0":[2,0]},"_coverageSchema":"1a1c01bbd47fc00a2c39e90264f33305004495a9","hash":"df8090dbe0ab822d54fc0374054783a671344fd1"}
,"C:\\Users\\Kaz\\Desktop\\springboard-cs\\post\\express-biztime\\expressError.js": {"path":"C:\\Users\\Kaz\\Desktop\\springboard-cs\\post\\express-biztime\\expressError.js","statementMap":{"0":{"start":{"line":9,"column":4},"end":{"line":9,"column":12}},"1":{"start":{"line":10,"column":4},"end":{"line":10,"column":27}},"2":{"start":{"line":11,"column":4},"end":{"line":11,"column":25}},"3":{"start":{"line":12,"column":4},"end":{"line":12,"column":30}},"4":{"start":{"line":17,"column":0},"end":{"line":17,"column":30}}},"fnMap":{"0":{"name":"(anonymous_0)","decl":{"start":{"line":8,"column":2},"end":{"line":8,"column":3}},"loc":{"start":{"line":8,"column":31},"end":{"line":13,"column":3}},"line":8}},"branchMap":{},"s":{"0":5,"1":5,"2":5,"3":5,"4":2},"f":{"0":5},"b":{},"_coverageSchema":"1a1c01bbd47fc00a2c39e90264f33305004495a9","hash":"2fb690b0b7febab6c1c065d54e3cc6de3356beb6"}
,"C:\\Users\\Kaz\\Desktop\\springboard-cs\\post\\express-biztime\\routes\\companies.js": {"path":"C:\\Users\\Kaz\\Desktop\\springboard-cs\\post\\express-biztime\\routes\\companies.js","statementMap":{"0":{"start":{"line":1,"column":16},"end":{"line":1,"column":34}},"1":{"start":{"line":2,"column":15},"end":{"line":2,"column":35}},"2":{"start":{"line":3,"column":11},"end":{"line":3,"column":27}},"3":{"start":{"line":4,"column":21},"end":{"line":4,"column":47}},"4":{"start":{"line":5,"column":16},"end":{"line":5,"column":34}},"5":{"start":{"line":7,"column":0},"end":{"line":13,"column":3}},"6":{"start":{"line":8,"column":19},"end":{"line":11,"column":5}},"7":{"start":{"line":12,"column":4},"end":{"line":12,"column":46}},"8":{"start":{"line":15,"column":0},"end":{"line":47,"column":3}},"9":{"start":{"line":16,"column":4},"end":{"line":46,"column":5}},"10":{"start":{"line":17,"column":22},"end":{"line":17,"column":37}},"11":{"start":{"line":18,"column":23},"end":{"line":24,"column":9}},"12":{"start":{"line":26,"column":8},"end":{"line":28,"column":9}},"13":{"start":{"line":27,"column":12},"end":{"line":27,"column":61}},"14":{"start":{"line":30,"column":44},"end":{"line":30,"column":58}},"15":{"start":{"line":31,"column":25},"end":{"line":31,"column":27}},"16":{"start":{"line":32,"column":8},"end":{"line":42,"column":9}},"17":{"start":{"line":33,"column":12},"end":{"line":41,"column":13}},"18":{"start":{"line":33,"column":26},"end":{"line":33,"column":27}},"19":{"start":{"line":34,"column":16},"end":{"line":40,"column":18}},"20":{"start":{"line":43,"column":8},"end":{"line":43,"column":72}},"21":{"start":{"line":45,"column":8},"end":{"line":45,"column":23}},"22":{"start":{"line":49,"column":0},"end":{"line":68,"column":3}},"23":{"start":{"line":50,"column":4},"end":{"line":67,"column":5}},"24":{"start":{"line":51,"column":8},"end":{"line":53,"column":9}},"25":{"start":{"line":52,"column":12},"end":{"line":52,"column":60}},"26":{"start":{"line":55,"column":38},"end":{"line":55,"column":46}},"27":{"start":{"line":56,"column":21},"end":{"line":56,"column":63}},"28":{"start":{"line":58,"column":23},"end":{"line":62,"column":9}},"29":{"start":{"line":64,"column":8},"end":{"line":64,"column":62}},"30":{"start":{"line":66,"column":8},"end":{"line":66,"column":22}},"31":{"start":{"line":70,"column":0},"end":{"line":93,"column":3}},"32":{"start":{"line":71,"column":4},"end":{"line":92,"column":5}},"33":{"start":{"line":72,"column":8},"end":{"line":74,"column":9}},"34":{"start":{"line":73,"column":12},"end":{"line":73,"column":60}},"35":{"start":{"line":76,"column":21},"end":{"line":76,"column":36}},"36":{"start":{"line":77,"column":38},"end":{"line":77,"column":46}},"37":{"start":{"line":79,"column":23},"end":{"line":83,"column":9}},"38":{"start":{"line":85,"column":8},"end":{"line":87,"column":9}},"39":{"start":{"line":86,"column":12},"end":{"line":86,"column":61}},"40":{"start":{"line":89,"column":8},"end":{"line":89,"column":63}},"41":{"start":{"line":91,"column":8},"end":{"line":91,"column":23}},"42":{"start":{"line":95,"column":0},"end":{"line":116,"column":3}},"43":{"start":{"line":96,"column":4},"end":{"line":115,"column":5}},"44":{"start":{"line":97,"column":21},"end":{"line":97,"column":36}},"45":{"start":{"line":99,"column":27},"end":{"line":103,"column":9}},"46":{"start":{"line":104,"column":8},"end":{"line":106,"column":9}},"47":{"start":{"line":105,"column":12},"end":{"line":105,"column":61}},"48":{"start":{"line":108,"column":23},"end":{"line":110,"column":9}},"49":{"start":{"line":112,"column":8},"end":{"line":112,"column":45}},"50":{"start":{"line":114,"column":8},"end":{"line":114,"column":22}},"51":{"start":{"line":118,"column":0},"end":{"line":118,"column":24}}},"fnMap":{"0":{"name":"(anonymous_0)","decl":{"start":{"line":7,"column":16},"end":{"line":7,"column":17}},"loc":{"start":{"line":7,"column":36},"end":{"line":13,"column":1}},"line":7},"1":{"name":"(anonymous_1)","decl":{"start":{"line":15,"column":21},"end":{"line":15,"column":22}},"loc":{"start":{"line":15,"column":47},"end":{"line":47,"column":1}},"line":15},"2":{"name":"(anonymous_2)","decl":{"start":{"line":49,"column":17},"end":{"line":49,"column":18}},"loc":{"start":{"line":49,"column":43},"end":{"line":68,"column":1}},"line":49},"3":{"name":"(anonymous_3)","decl":{"start":{"line":70,"column":23},"end":{"line":70,"column":24}},"loc":{"start":{"line":70,"column":49},"end":{"line":93,"column":1}},"line":70},"4":{"name":"(anonymous_4)","decl":{"start":{"line":95,"column":24},"end":{"line":95,"column":25}},"loc":{"start":{"line":95,"column":50},"end":{"line":116,"column":1}},"line":95}},"branchMap":{"0":{"loc":{"start":{"line":26,"column":8},"end":{"line":28,"column":9}},"type":"if","locations":[{"start":{"line":26,"column":8},"end":{"line":28,"column":9}},{"start":{"line":26,"column":8},"end":{"line":28,"column":9}}],"line":26},"1":{"loc":{"start":{"line":32,"column":8},"end":{"line":42,"column":9}},"type":"if","locations":[{"start":{"line":32,"column":8},"end":{"line":42,"column":9}},{"start":{"line":32,"column":8},"end":{"line":42,"column":9}}],"line":32},"2":{"loc":{"start":{"line":51,"column":8},"end":{"line":53,"column":9}},"type":"if","locations":[{"start":{"line":51,"column":8},"end":{"line":53,"column":9}},{"start":{"line":51,"column":8},"end":{"line":53,"column":9}}],"line":51},"3":{"loc":{"start":{"line":72,"column":8},"end":{"line":74,"column":9}},"type":"if","locations":[{"start":{"line":72,"column":8},"end":{"line":74,"column":9}},{"start":{"line":72,"column":8},"end":{"line":74,"column":9}}],"line":72},"4":{"loc":{"start":{"line":85,"column":8},"end":{"line":87,"column":9}},"type":"if","locations":[{"start":{"line":85,"column":8},"end":{"line":87,"column":9}},{"start":{"line":85,"column":8},"end":{"line":87,"column":9}}],"line":85},"5":{"loc":{"start":{"line":104,"column":8},"end":{"line":106,"column":9}},"type":"if","locations":[{"start":{"line":104,"column":8},"end":{"line":106,"column":9}},{"start":{"line":104,"column":8},"end":{"line":106,"column":9}}],"line":104}},"s":{"0":2,"1":2,"2":2,"3":2,"4":2,"5":2,"6":1,"7":1,"8":2,"9":1,"10":1,"11":1,"12":1,"13":0,"14":1,"15":1,"16":1,"17":0,"18":0,"19":0,"20":1,"21":0,"22":2,"23":1,"24":1,"25":0,"26":1,"27":1,"28":1,"29":1,"30":0,"31":2,"32":1,"33":1,"34":0,"35":1,"36":1,"37":1,"38":1,"39":1,"40":0,"41":1,"42":2,"43":1,"44":1,"45":1,"46":1,"47":1,"48":0,"49":0,"50":1,"51":2},"f":{"0":1,"1":1,"2":1,"3":1,"4":1},"b":{"0":[0,1],"1":[0,1],"2":[0,1],"3":[0,1],"4":[1,0],"5":[1,0]},"_coverageSchema":"1a1c01bbd47fc00a2c39e90264f33305004495a9","hash":"684675a836f5b4d7dd09aa2916baf7d839e3081e"}
,"C:\\Users\\Kaz\\Desktop\\springboard-cs\\post\\express-biztime\\routes\\industries.js": {"path":"C:\\Users\\Kaz\\Desktop\\springboard-cs\\post\\express-biztime\\routes\\industries.js","statementMap":{"0":{"start":{"line":1,"column":16},"end":{"line":1,"column":34}},"1":{"start":{"line":2,"column":15},"end":{"line":2,"column":35}},"2":{"start":{"line":3,"column":11},"end":{"line":3,"column":27}},"3":{"start":{"line":4,"column":21},"end":{"line":4,"column":47}},"4":{"start":{"line":5,"column":16},"end":{"line":5,"column":34}},"5":{"start":{"line":7,"column":0},"end":{"line":19,"column":3}},"6":{"start":{"line":8,"column":19},"end":{"line":16,"column":5}},"7":{"start":{"line":18,"column":4},"end":{"line":18,"column":47}},"8":{"start":{"line":21,"column":0},"end":{"line":40,"column":3}},"9":{"start":{"line":22,"column":4},"end":{"line":39,"column":5}},"10":{"start":{"line":23,"column":8},"end":{"line":25,"column":9}},"11":{"start":{"line":24,"column":12},"end":{"line":24,"column":60}},"12":{"start":{"line":27,"column":25},"end":{"line":27,"column":33}},"13":{"start":{"line":28,"column":21},"end":{"line":28,"column":63}},"14":{"start":{"line":30,"column":23},"end":{"line":34,"column":9}},"15":{"start":{"line":36,"column":8},"end":{"line":36,"column":64}},"16":{"start":{"line":38,"column":8},"end":{"line":38,"column":22}},"17":{"start":{"line":42,"column":0},"end":{"line":61,"column":2}},"18":{"start":{"line":43,"column":4},"end":{"line":60,"column":5}},"19":{"start":{"line":44,"column":8},"end":{"line":46,"column":9}},"20":{"start":{"line":45,"column":12},"end":{"line":45,"column":60}},"21":{"start":{"line":48,"column":25},"end":{"line":48,"column":40}},"22":{"start":{"line":49,"column":30},"end":{"line":49,"column":38}},"23":{"start":{"line":51,"column":23},"end":{"line":55,"column":9}},"24":{"start":{"line":57,"column":8},"end":{"line":57,"column":49}},"25":{"start":{"line":59,"column":8},"end":{"line":59,"column":22}},"26":{"start":{"line":63,"column":0},"end":{"line":63,"column":24}}},"fnMap":{"0":{"name":"(anonymous_0)","decl":{"start":{"line":7,"column":16},"end":{"line":7,"column":17}},"loc":{"start":{"line":7,"column":36},"end":{"line":19,"column":1}},"line":7},"1":{"name":"(anonymous_1)","decl":{"start":{"line":21,"column":17},"end":{"line":21,"column":18}},"loc":{"start":{"line":21,"column":43},"end":{"line":40,"column":1}},"line":21},"2":{"name":"(anonymous_2)","decl":{"start":{"line":42,"column":22},"end":{"line":42,"column":23}},"loc":{"start":{"line":42,"column":48},"end":{"line":61,"column":1}},"line":42}},"branchMap":{"0":{"loc":{"start":{"line":23,"column":8},"end":{"line":25,"column":9}},"type":"if","locations":[{"start":{"line":23,"column":8},"end":{"line":25,"column":9}},{"start":{"line":23,"column":8},"end":{"line":25,"column":9}}],"line":23},"1":{"loc":{"start":{"line":44,"column":8},"end":{"line":46,"column":9}},"type":"if","locations":[{"start":{"line":44,"column":8},"end":{"line":46,"column":9}},{"start":{"line":44,"column":8},"end":{"line":46,"column":9}}],"line":44}},"s":{"0":2,"1":2,"2":2,"3":2,"4":2,"5":2,"6":0,"7":0,"8":2,"9":0,"10":0,"11":0,"12":0,"13":0,"14":0,"15":0,"16":0,"17":2,"18":0,"19":0,"20":0,"21":0,"22":0,"23":0,"24":0,"25":0,"26":2},"f":{"0":0,"1":0,"2":0},"b":{"0":[0,0],"1":[0,0]},"_coverageSchema":"1a1c01bbd47fc00a2c39e90264f33305004495a9","hash":"7e8cd8c8f75070021fae29675e7d780c2dbb4e87"}
,"C:\\Users\\Kaz\\Desktop\\springboard-cs\\post\\express-biztime\\routes\\invoices.js": {"path":"C:\\Users\\Kaz\\Desktop\\springboard-cs\\post\\express-biztime\\routes\\invoices.js","statementMap":{"0":{"start":{"line":1,"column":16},"end":{"line":1,"column":34}},"1":{"start":{"line":2,"column":15},"end":{"line":2,"column":35}},"2":{"start":{"line":3,"column":11},"end":{"line":3,"column":27}},"3":{"start":{"line":4,"column":21},"end":{"line":4,"column":47}},"4":{"start":{"line":6,"column":0},"end":{"line":13,"column":3}},"5":{"start":{"line":7,"column":19},"end":{"line":10,"column":5}},"6":{"start":{"line":12,"column":4},"end":{"line":12,"column":45}},"7":{"start":{"line":15,"column":0},"end":{"line":36,"column":3}},"8":{"start":{"line":16,"column":4},"end":{"line":35,"column":5}},"9":{"start":{"line":17,"column":20},"end":{"line":17,"column":33}},"10":{"start":{"line":18,"column":23},"end":{"line":24,"column":9}},"11":{"start":{"line":26,"column":8},"end":{"line":28,"column":9}},"12":{"start":{"line":27,"column":12},"end":{"line":27,"column":61}},"13":{"start":{"line":30,"column":80},"end":{"line":30,"column":94}},"14":{"start":{"line":32,"column":8},"end":{"line":32,"column":109}},"15":{"start":{"line":34,"column":8},"end":{"line":34,"column":23}},"16":{"start":{"line":38,"column":0},"end":{"line":56,"column":3}},"17":{"start":{"line":39,"column":4},"end":{"line":55,"column":5}},"18":{"start":{"line":40,"column":8},"end":{"line":42,"column":9}},"19":{"start":{"line":41,"column":12},"end":{"line":41,"column":60}},"20":{"start":{"line":44,"column":35},"end":{"line":44,"column":43}},"21":{"start":{"line":46,"column":23},"end":{"line":50,"column":9}},"22":{"start":{"line":52,"column":8},"end":{"line":52,"column":62}},"23":{"start":{"line":54,"column":8},"end":{"line":54,"column":22}},"24":{"start":{"line":58,"column":0},"end":{"line":89,"column":3}},"25":{"start":{"line":59,"column":4},"end":{"line":88,"column":5}},"26":{"start":{"line":60,"column":8},"end":{"line":62,"column":9}},"27":{"start":{"line":61,"column":12},"end":{"line":61,"column":60}},"28":{"start":{"line":64,"column":19},"end":{"line":64,"column":32}},"29":{"start":{"line":65,"column":30},"end":{"line":65,"column":38}},"30":{"start":{"line":67,"column":8},"end":{"line":79,"column":9}},"31":{"start":{"line":68,"column":12},"end":{"line":72,"column":13}},"32":{"start":{"line":74,"column":12},"end":{"line":78,"column":13}},"33":{"start":{"line":81,"column":8},"end":{"line":83,"column":9}},"34":{"start":{"line":82,"column":12},"end":{"line":82,"column":61}},"35":{"start":{"line":85,"column":8},"end":{"line":85,"column":63}},"36":{"start":{"line":87,"column":8},"end":{"line":87,"column":23}},"37":{"start":{"line":91,"column":0},"end":{"line":112,"column":2}},"38":{"start":{"line":92,"column":4},"end":{"line":111,"column":5}},"39":{"start":{"line":93,"column":19},"end":{"line":93,"column":32}},"40":{"start":{"line":95,"column":25},"end":{"line":99,"column":9}},"41":{"start":{"line":100,"column":8},"end":{"line":102,"column":9}},"42":{"start":{"line":101,"column":12},"end":{"line":101,"column":61}},"43":{"start":{"line":104,"column":23},"end":{"line":106,"column":9}},"44":{"start":{"line":108,"column":8},"end":{"line":108,"column":45}},"45":{"start":{"line":110,"column":8},"end":{"line":110,"column":22}},"46":{"start":{"line":114,"column":0},"end":{"line":114,"column":24}}},"fnMap":{"0":{"name":"(anonymous_0)","decl":{"start":{"line":6,"column":16},"end":{"line":6,"column":17}},"loc":{"start":{"line":6,"column":36},"end":{"line":13,"column":1}},"line":6},"1":{"name":"(anonymous_1)","decl":{"start":{"line":15,"column":19},"end":{"line":15,"column":20}},"loc":{"start":{"line":15,"column":45},"end":{"line":36,"column":1}},"line":15},"2":{"name":"(anonymous_2)","decl":{"start":{"line":38,"column":17},"end":{"line":38,"column":18}},"loc":{"start":{"line":38,"column":43},"end":{"line":56,"column":1}},"line":38},"3":{"name":"(anonymous_3)","decl":{"start":{"line":58,"column":21},"end":{"line":58,"column":22}},"loc":{"start":{"line":58,"column":47},"end":{"line":89,"column":1}},"line":58},"4":{"name":"(anonymous_4)","decl":{"start":{"line":91,"column":22},"end":{"line":91,"column":23}},"loc":{"start":{"line":91,"column":48},"end":{"line":112,"column":1}},"line":91}},"branchMap":{"0":{"loc":{"start":{"line":26,"column":8},"end":{"line":28,"column":9}},"type":"if","locations":[{"start":{"line":26,"column":8},"end":{"line":28,"column":9}},{"start":{"line":26,"column":8},"end":{"line":28,"column":9}}],"line":26},"1":{"loc":{"start":{"line":40,"column":8},"end":{"line":42,"column":9}},"type":"if","locations":[{"start":{"line":40,"column":8},"end":{"line":42,"column":9}},{"start":{"line":40,"column":8},"end":{"line":42,"column":9}}],"line":40},"2":{"loc":{"start":{"line":60,"column":8},"end":{"line":62,"column":9}},"type":"if","locations":[{"start":{"line":60,"column":8},"end":{"line":62,"column":9}},{"start":{"line":60,"column":8},"end":{"line":62,"column":9}}],"line":60},"3":{"loc":{"start":{"line":67,"column":8},"end":{"line":79,"column":9}},"type":"if","locations":[{"start":{"line":67,"column":8},"end":{"line":79,"column":9}},{"start":{"line":67,"column":8},"end":{"line":79,"column":9}}],"line":67},"4":{"loc":{"start":{"line":81,"column":8},"end":{"line":83,"column":9}},"type":"if","locations":[{"start":{"line":81,"column":8},"end":{"line":83,"column":9}},{"start":{"line":81,"column":8},"end":{"line":83,"column":9}}],"line":81},"5":{"loc":{"start":{"line":100,"column":8},"end":{"line":102,"column":9}},"type":"if","locations":[{"start":{"line":100,"column":8},"end":{"line":102,"column":9}},{"start":{"line":100,"column":8},"end":{"line":102,"column":9}}],"line":100}},"s":{"0":2,"1":2,"2":2,"3":2,"4":2,"5":0,"6":0,"7":2,"8":2,"9":2,"10":2,"11":2,"12":2,"13":0,"14":0,"15":2,"16":2,"17":1,"18":1,"19":0,"20":1,"21":1,"22":1,"23":0,"24":2,"25":2,"26":2,"27":0,"28":2,"29":2,"30":2,"31":1,"32":1,"33":2,"34":0,"35":2,"36":0,"37":2,"38":2,"39":2,"40":2,"41":2,"42":1,"43":1,"44":1,"45":1,"46":2},"f":{"0":0,"1":2,"2":1,"3":2,"4":2},"b":{"0":[2,0],"1":[0,1],"2":[0,2],"3":[1,1],"4":[0,2],"5":[1,1]},"_coverageSchema":"1a1c01bbd47fc00a2c39e90264f33305004495a9","hash":"f2991d9cb8bddbf2adfba74d1b4844670ef0f608"}
}
