TN:
SF:app.js
FN:20,(anonymous_0)
FN:27,(anonymous_1)
FNF:2
FNH:1
FNDA:0,(anonymous_0)
FNDA:5,(anonymous_1)
DA:4,2
DA:5,2
DA:6,2
DA:7,2
DA:8,2
DA:9,2
DA:11,2
DA:14,2
DA:15,2
DA:16,2
DA:20,2
DA:21,0
DA:22,0
DA:27,2
DA:28,5
DA:29,5
DA:31,5
DA:37,2
LF:18
LH:16
BRDA:28,0,0,5
BRDA:28,0,1,0
BRF:2
BRH:1
end_of_record
TN:
SF:db.js
FNF:0
FNH:0
DA:3,2
DA:7,2
DA:8,2
DA:10,0
DA:13,2
DA:17,2
DA:19,2
LF:7
LH:6
BRDA:7,0,0,2
BRDA:7,0,1,0
BRF:2
BRH:1
end_of_record
TN:
SF:expressError.js
FN:8,(anonymous_0)
FNF:1
FNH:1
FNDA:5,(anonymous_0)
DA:9,5
DA:10,5
DA:11,5
DA:12,5
DA:17,2
LF:5
LH:5
BRF:0
BRH:0
end_of_record
TN:
SF:routes\companies.js
FN:7,(anonymous_0)
FN:15,(anonymous_1)
FN:49,(anonymous_2)
FN:70,(anonymous_3)
FN:95,(anonymous_4)
FNF:5
FNH:5
FNDA:1,(anonymous_0)
FNDA:1,(anonymous_1)
FNDA:1,(anonymous_2)
FNDA:1,(anonymous_3)
FNDA:1,(anonymous_4)
DA:1,2
DA:2,2
DA:3,2
DA:4,2
DA:5,2
DA:7,2
DA:8,1
DA:12,1
DA:15,2
DA:16,1
DA:17,1
DA:18,1
DA:26,1
DA:27,0
DA:30,1
DA:31,1
DA:32,1
DA:33,0
DA:34,0
DA:43,1
DA:45,0
DA:49,2
DA:50,1
DA:51,1
DA:52,0
DA:55,1
DA:56,1
DA:58,1
DA:64,1
DA:66,0
DA:70,2
DA:71,1
DA:72,1
DA:73,0
DA:76,1
DA:77,1
DA:79,1
DA:85,1
DA:86,1
DA:89,0
DA:91,1
DA:95,2
DA:96,1
DA:97,1
DA:99,1
DA:104,1
DA:105,1
DA:108,0
DA:112,0
DA:114,1
DA:118,2
LF:51
LH:41
BRDA:26,0,0,0
BRDA:26,0,1,1
BRDA:32,1,0,0
BRDA:32,1,1,1
BRDA:51,2,0,0
BRDA:51,2,1,1
BRDA:72,3,0,0
BRDA:72,3,1,1
BRDA:85,4,0,1
BRDA:85,4,1,0
BRDA:104,5,0,1
BRDA:104,5,1,0
BRF:12
BRH:6
end_of_record
TN:
SF:routes\industries.js
FN:7,(anonymous_0)
FN:21,(anonymous_1)
FN:42,(anonymous_2)
FNF:3
FNH:0
FNDA:0,(anonymous_0)
FNDA:0,(anonymous_1)
FNDA:0,(anonymous_2)
DA:1,2
DA:2,2
DA:3,2
DA:4,2
DA:5,2
DA:7,2
DA:8,0
DA:18,0
DA:21,2
DA:22,0
DA:23,0
DA:24,0
DA:27,0
DA:28,0
DA:30,0
DA:36,0
DA:38,0
DA:42,2
DA:43,0
DA:44,0
DA:45,0
DA:48,0
DA:49,0
DA:51,0
DA:57,0
DA:59,0
DA:63,2
LF:27
LH:9
BRDA:23,0,0,0
BRDA:23,0,1,0
BRDA:44,1,0,0
BRDA:44,1,1,0
BRF:4
BRH:0
end_of_record
TN:
SF:routes\invoices.js
FN:6,(anonymous_0)
FN:15,(anonymous_1)
FN:38,(anonymous_2)
FN:58,(anonymous_3)
FN:91,(anonymous_4)
FNF:5
FNH:4
FNDA:0,(anonymous_0)
FNDA:2,(anonymous_1)
FNDA:1,(anonymous_2)
FNDA:2,(anonymous_3)
FNDA:2,(anonymous_4)
DA:1,2
DA:2,2
DA:3,2
DA:4,2
DA:6,2
DA:7,0
DA:12,0
DA:15,2
DA:16,2
DA:17,2
DA:18,2
DA:26,2
DA:27,2
DA:30,0
DA:32,0
DA:34,2
DA:38,2
DA:39,1
DA:40,1
DA:41,0
DA:44,1
DA:46,1
DA:52,1
DA:54,0
DA:58,2
DA:59,2
DA:60,2
DA:61,0
DA:64,2
DA:65,2
DA:67,2
DA:68,1
DA:74,1
DA:81,2
DA:82,0
DA:85,2
DA:87,0
DA:91,2
DA:92,2
DA:93,2
DA:95,2
DA:100,2
DA:101,1
DA:104,1
DA:108,1
DA:110,1
DA:114,2
LF:47
LH:38
BRDA:26,0,0,2
BRDA:26,0,1,0
BRDA:40,1,0,0
BRDA:40,1,1,1
BRDA:60,2,0,0
BRDA:60,2,1,2
BRDA:67,3,0,1
BRDA:67,3,1,1
BRDA:81,4,0,0
BRDA:81,4,1,2
BRDA:100,5,0,1
BRDA:100,5,1,1
BRF:12
BRH:8
end_of_record
